<?xml version="1.0" encoding="UTF-8"?>
<!-- Generated by org.testng.reporters.JUnitReportReporter -->
<testsuite skipped="0" hostname="BLRUNNFWN24407" name="takeScreenshot.ScreenshotDemo" tests="1" failures="0" timestamp="08 Jul 2019 12:54:57 GMT" time="0.442" errors="0">
  <testcase name="test1" time="0.442" classname="takeScreenshot.ScreenshotDemo"/>
</testsuite> <!-- takeScreenshot.ScreenshotDemo -->
