<?xml version="1.0" encoding="UTF-8"?>
<!-- Generated by org.testng.reporters.JUnitReportReporter -->
<testsuite skipped="0" hostname="BLRUNNFWN24407" name="takeScreenshot.ScreenshotDemo" tests="1" failures="0" timestamp="09 Jul 2019 06:28:14 GMT" time="0.389" errors="0">
  <testcase name="test1" time="0.389" classname="takeScreenshot.ScreenshotDemo"/>
</testsuite> <!-- takeScreenshot.ScreenshotDemo -->
